<?xml version="1.0" encoding="UTF-8"?>
<!-- Generated by org.testng.reporters.JUnitReportReporter -->
<testsuite hostname="LAPTOP-FL7DK08P" failures="0" tests="1" name="com.qa.gorest.tests.amadeuAPITest" time="6.497" errors="0" timestamp="2023-08-18T21:38:25 IST" skipped="0">
  <testcase classname="com.qa.gorest.tests.amadeuAPITest" name="getFlightInfoTest" time="6.497"/>
</testsuite> <!-- com.qa.gorest.tests.amadeuAPITest -->
