<?xml version="1.0" encoding="UTF-8"?>
<!-- Generated by org.testng.reporters.JUnitReportReporter -->
<testsuite hostname="LAPTOP-FL7DK08P" failures="0" tests="3" name="com.qa.gorest.tests.CreateUserTest" time="2.226" errors="0" timestamp="2023-08-10T15:56:51 IST" skipped="0">
  <testcase classname="com.qa.gorest.tests.CreateUserTest" name="getAllUserstest" time="0.962"/>
  <system-out/>
  <testcase classname="com.qa.gorest.tests.CreateUserTest" name="getAllUserstest" time="0.672"/>
  <system-out/>
  <testcase classname="com.qa.gorest.tests.CreateUserTest" name="getAllUserstest" time="0.592"/>
  <system-out/>
</testsuite> <!-- com.qa.gorest.tests.CreateUserTest -->
