<?xml version="1.0" encoding="UTF-8"?>
<!-- Generated by org.testng.reporters.JUnitReportReporter -->
<testsuite hostname="LAPTOP-FL7DK08P" failures="0" tests="1" name="com.qa.gorest.tests.ReqResAPITest" time="0.000" errors="0" timestamp="2023-08-18T21:45:05 IST" skipped="1">
  <testcase classname="com.qa.gorest.tests.ReqResAPITest" name="getReqResUserAPiTest" time="0.000">
    <skipped/>
  </testcase> <!-- getReqResUserAPiTest -->
</testsuite> <!-- com.qa.gorest.tests.ReqResAPITest -->
