<?xml version="1.0" encoding="UTF-8"?>
<!-- Generated by org.testng.reporters.JUnitReportReporter -->
<testsuite hostname="LAPTOP-FL7DK08P" failures="0" tests="3" name="com.qa.gorest.tests.GetUserTest" time="0.000" errors="0" timestamp="2023-08-18T21:45:05 IST" skipped="3">
  <testcase classname="com.qa.gorest.tests.GetUserTest" name="getAllUsersTest" time="0.000">
    <skipped/>
  </testcase> <!-- getAllUsersTest -->
  <testcase classname="com.qa.gorest.tests.GetUserTest" name="getUserQueryParamsTest" time="0.000">
    <skipped/>
  </testcase> <!-- getUserQueryParamsTest -->
  <testcase classname="com.qa.gorest.tests.GetUserTest" name="getUserTest">
    <skipped/>
  </testcase> <!-- getUserTest -->
</testsuite> <!-- com.qa.gorest.tests.GetUserTest -->
